<?xml version="1.0" encoding="UTF-8"?>
<!-- Generated by org.testng.reporters.JUnitReportReporter -->
<testsuite hostname="jaydippatel-mbp151" failures="0" tests="2" name="runner.TestRunner" time="2.213" errors="0" timestamp="2021-09-29T14:20:07 PDT" skipped="0">
  <testcase classname="runner.TestRunner" name="runScenario" time="0.923"/>
  <system-out/>
  <testcase classname="runner.TestRunner" name="runScenario" time="1.290"/>
  <system-out/>
</testsuite> <!-- runner.TestRunner -->
