<?xml version="1.0" encoding="UTF-8"?>
<!-- Generated by org.testng.reporters.JUnitReportReporter -->
<testsuite hostname="jaydippatel-mbp151" failures="0" tests="2" name="runner.TestRunner" time="1.475" errors="0" timestamp="2021-09-24T13:26:12 PDT" skipped="0">
  <testcase classname="runner.TestRunner" name="runScenario" time="0.784"/>
  <system-out/>
  <testcase classname="runner.TestRunner" name="runScenario" time="0.691"/>
  <system-out/>
</testsuite> <!-- runner.TestRunner -->
